android/app/build/intermediates/manifest_merge_blame_file/debug/manifest-merger-blame-debug-report.txt
1<?xml version="1.0" encoding="utf-8"?>
2<manifest xmlns:android="http://schemas.android.com/apk/res/android"
3    package="com.screentime.guardian"
4    android:versionCode="1"
5    android:versionName="1.0.0" >
6
7    <uses-sdk
8        android:minSdkVersion="26"
9        android:targetSdkVersion="34" />
10
11    <!-- Permissions -->
12    <uses-permission android:name="android.permission.PACKAGE_USAGE_STATS" />
12-->src/main/AndroidManifest.xml:7:5-78
12-->src/main/AndroidManifest.xml:7:22-75
13    <uses-permission android:name="android.permission.FOREGROUND_SERVICE" />
13-->src/main/AndroidManifest.xml:8:5-77
13-->src/main/AndroidManifest.xml:8:22-74
14    <uses-permission android:name="android.permission.RECEIVE_BOOT_COMPLETED" />
14-->src/main/AndroidManifest.xml:9:5-81
14-->src/main/AndroidManifest.xml:9:22-78
15    <uses-permission android:name="android.permission.USE_BIOMETRIC" />
15-->src/main/AndroidManifest.xml:10:5-72
15-->src/main/AndroidManifest.xml:10:22-69
16    <uses-permission android:name="android.permission.SYSTEM_ALERT_WINDOW" />
16-->src/main/AndroidManifest.xml:11:5-78
16-->src/main/AndroidManifest.xml:11:22-75
17    <uses-permission android:name="android.permission.INTERNET" />
17-->src/main/AndroidManifest.xml:12:5-67
17-->src/main/AndroidManifest.xml:12:22-64
18    <uses-permission android:name="android.permission.ACCESS_NETWORK_STATE" />
18-->src/main/AndroidManifest.xml:13:5-79
18-->src/main/AndroidManifest.xml:13:22-76
19    <uses-permission android:name="android.permission.POST_NOTIFICATIONS" />
19-->src/main/AndroidManifest.xml:14:5-77
19-->src/main/AndroidManifest.xml:14:22-74
20
21    <!-- suppress DeprecatedClassUsageInspection -->
22    <uses-permission android:name="android.permission.USE_FINGERPRINT" />
22-->[androidx.biometric:biometric:1.1.0] AndroidManifest.xml:27:5-74
22-->[androidx.biometric:biometric:1.1.0] AndroidManifest.xml:27:22-71
23    <uses-permission android:name="android.permission.WAKE_LOCK" />
23-->[androidx.work:work-runtime:2.9.0] AndroidManifest.xml:23:5-68
23-->[androidx.work:work-runtime:2.9.0] AndroidManifest.xml:23:22-65
24
25    <permission
25-->[androidx.core:core:1.12.0] AndroidManifest.xml:22:5-24:47
26        android:name="com.screentime.guardian.DYNAMIC_RECEIVER_NOT_EXPORTED_PERMISSION"
26-->[androidx.core:core:1.12.0] AndroidManifest.xml:23:9-81
27        android:protectionLevel="signature" />
27-->[androidx.core:core:1.12.0] AndroidManifest.xml:24:9-44
28
29    <uses-permission android:name="com.screentime.guardian.DYNAMIC_RECEIVER_NOT_EXPORTED_PERMISSION" />
29-->[androidx.core:core:1.12.0] AndroidManifest.xml:26:5-97
29-->[androidx.core:core:1.12.0] AndroidManifest.xml:26:22-94
30
31    <application
31-->src/main/AndroidManifest.xml:16:5-62:19
32        android:name="com.screentime.guardian.ScreenTimeApp"
32-->src/main/AndroidManifest.xml:17:9-38
33        android:allowBackup="true"
33-->src/main/AndroidManifest.xml:18:9-35
34        android:appComponentFactory="androidx.core.app.CoreComponentFactory"
34-->[androidx.core:core:1.12.0] AndroidManifest.xml:28:18-86
35        android:dataExtractionRules="@xml/data_extraction_rules"
35-->src/main/AndroidManifest.xml:19:9-65
36        android:debuggable="true"
37        android:enableOnBackInvokedCallback="true"
37-->src/main/AndroidManifest.xml:25:9-51
38        android:extractNativeLibs="false"
39        android:fullBackupContent="@xml/backup_rules"
39-->src/main/AndroidManifest.xml:20:9-54
40        android:icon="@mipmap/ic_launcher"
40-->src/main/AndroidManifest.xml:21:9-43
41        android:label="@string/app_name"
41-->src/main/AndroidManifest.xml:22:9-41
42        android:supportsRtl="true"
42-->src/main/AndroidManifest.xml:23:9-35
43        android:theme="@style/Theme.ScreenTimeGuardian" >
43-->src/main/AndroidManifest.xml:24:9-56
44        <activity
44-->src/main/AndroidManifest.xml:27:9-36:20
45            android:name="com.screentime.guardian.MainActivity"
45-->src/main/AndroidManifest.xml:28:13-41
46            android:exported="true"
46-->src/main/AndroidManifest.xml:29:13-36
47            android:theme="@style/Theme.ScreenTimeGuardian"
47-->src/main/AndroidManifest.xml:30:13-60
48            android:windowSoftInputMode="adjustResize" >
48-->src/main/AndroidManifest.xml:31:13-55
49            <intent-filter>
49-->src/main/AndroidManifest.xml:32:13-35:29
50                <action android:name="android.intent.action.MAIN" />
50-->src/main/AndroidManifest.xml:33:17-69
50-->src/main/AndroidManifest.xml:33:25-66
51
52                <category android:name="android.intent.category.LAUNCHER" />
52-->src/main/AndroidManifest.xml:34:17-77
52-->src/main/AndroidManifest.xml:34:27-74
53            </intent-filter>
54        </activity>
55
56        <!-- Accessibility Service for App Blocking -->
57        <service
57-->src/main/AndroidManifest.xml:39:9-49:19
58            android:name="com.screentime.guardian.blocking.AppBlockingService"
58-->src/main/AndroidManifest.xml:40:13-56
59            android:exported="true"
59-->src/main/AndroidManifest.xml:42:13-36
60            android:permission="android.permission.BIND_ACCESSIBILITY_SERVICE" >
60-->src/main/AndroidManifest.xml:41:13-79
61            <intent-filter>
61-->src/main/AndroidManifest.xml:43:13-45:29
62                <action android:name="android.accessibilityservice.AccessibilityService" />
62-->src/main/AndroidManifest.xml:44:17-92
62-->src/main/AndroidManifest.xml:44:25-89
63            </intent-filter>
64
65            <meta-data
65-->src/main/AndroidManifest.xml:46:13-48:72
66                android:name="android.accessibilityservice"
66-->src/main/AndroidManifest.xml:47:17-60
67                android:resource="@xml/accessibility_service_config" />
67-->src/main/AndroidManifest.xml:48:17-69
68        </service>
69
70        <!-- Background Worker -->
71        <provider
72            android:name="androidx.startup.InitializationProvider"
72-->src/main/AndroidManifest.xml:53:13-67
73            android:authorities="com.screentime.guardian.androidx-startup"
73-->src/main/AndroidManifest.xml:54:13-68
74            android:exported="false" >
74-->src/main/AndroidManifest.xml:55:13-37
75            <meta-data
75-->src/main/AndroidManifest.xml:57:13-59:52
76                android:name="androidx.work.WorkManagerInitializer"
76-->src/main/AndroidManifest.xml:58:17-68
77                android:value="androidx.startup" />
77-->src/main/AndroidManifest.xml:59:17-49
78            <meta-data
78-->[androidx.emoji2:emoji2:1.4.0] AndroidManifest.xml:29:13-31:52
79                android:name="androidx.emoji2.text.EmojiCompatInitializer"
79-->[androidx.emoji2:emoji2:1.4.0] AndroidManifest.xml:30:17-75
80                android:value="androidx.startup" />
80-->[androidx.emoji2:emoji2:1.4.0] AndroidManifest.xml:31:17-49
81            <meta-data
81-->[androidx.lifecycle:lifecycle-process:2.6.2] AndroidManifest.xml:29:13-31:52
82                android:name="androidx.lifecycle.ProcessLifecycleInitializer"
82-->[androidx.lifecycle:lifecycle-process:2.6.2] AndroidManifest.xml:30:17-78
83                android:value="androidx.startup" />
83-->[androidx.lifecycle:lifecycle-process:2.6.2] AndroidManifest.xml:31:17-49
84            <meta-data
84-->[androidx.profileinstaller:profileinstaller:1.3.0] AndroidManifest.xml:29:13-31:52
85                android:name="androidx.profileinstaller.ProfileInstallerInitializer"
85-->[androidx.profileinstaller:profileinstaller:1.3.0] AndroidManifest.xml:30:17-85
86                android:value="androidx.startup" />
86-->[androidx.profileinstaller:profileinstaller:1.3.0] AndroidManifest.xml:31:17-49
87        </provider>
88
89        <activity
89-->[androidx.compose.ui:ui-test-manifest:1.5.4] AndroidManifest.xml:23:9-25:39
90            android:name="androidx.activity.ComponentActivity"
90-->[androidx.compose.ui:ui-test-manifest:1.5.4] AndroidManifest.xml:24:13-63
91            android:exported="true" />
91-->[androidx.compose.ui:ui-test-manifest:1.5.4] AndroidManifest.xml:25:13-36
92        <activity
92-->[androidx.compose.ui:ui-tooling-android:1.5.4] AndroidManifest.xml:23:9-25:39
93            android:name="androidx.compose.ui.tooling.PreviewActivity"
93-->[androidx.compose.ui:ui-tooling-android:1.5.4] AndroidManifest.xml:24:13-71
94            android:exported="true" />
94-->[androidx.compose.ui:ui-tooling-android:1.5.4] AndroidManifest.xml:25:13-36
95
96        <service
96-->[androidx.work:work-runtime:2.9.0] AndroidManifest.xml:39:9-45:35
97            android:name="androidx.work.impl.background.systemalarm.SystemAlarmService"
97-->[androidx.work:work-runtime:2.9.0] AndroidManifest.xml:40:13-88
98            android:directBootAware="false"
98-->[androidx.work:work-runtime:2.9.0] AndroidManifest.xml:41:13-44
99            android:enabled="@bool/enable_system_alarm_service_default"
99-->[androidx.work:work-runtime:2.9.0] AndroidManifest.xml:42:13-72
100            android:exported="false" />
100-->[androidx.work:work-runtime:2.9.0] AndroidManifest.xml:43:13-37
101        <service
101-->[androidx.work:work-runtime:2.9.0] AndroidManifest.xml:46:9-52:35
102            android:name="androidx.work.impl.background.systemjob.SystemJobService"
102-->[androidx.work:work-runtime:2.9.0] AndroidManifest.xml:47:13-84
103            android:directBootAware="false"
103-->[androidx.work:work-runtime:2.9.0] AndroidManifest.xml:48:13-44
104            android:enabled="@bool/enable_system_job_service_default"
104-->[androidx.work:work-runtime:2.9.0] AndroidManifest.xml:49:13-70
105            android:exported="true"
105-->[androidx.work:work-runtime:2.9.0] AndroidManifest.xml:50:13-36
106            android:permission="android.permission.BIND_JOB_SERVICE" />
106-->[androidx.work:work-runtime:2.9.0] AndroidManifest.xml:51:13-69
107        <service
107-->[androidx.work:work-runtime:2.9.0] AndroidManifest.xml:53:9-59:35
108            android:name="androidx.work.impl.foreground.SystemForegroundService"
108-->[androidx.work:work-runtime:2.9.0] AndroidManifest.xml:54:13-81
109            android:directBootAware="false"
109-->[androidx.work:work-runtime:2.9.0] AndroidManifest.xml:55:13-44
110            android:enabled="@bool/enable_system_foreground_service_default"
110-->[androidx.work:work-runtime:2.9.0] AndroidManifest.xml:56:13-77
111            android:exported="false" />
111-->[androidx.work:work-runtime:2.9.0] AndroidManifest.xml:57:13-37
112
113        <receiver
113-->[androidx.work:work-runtime:2.9.0] AndroidManifest.xml:61:9-66:35
114            android:name="androidx.work.impl.utils.ForceStopRunnable$BroadcastReceiver"
114-->[androidx.work:work-runtime:2.9.0] AndroidManifest.xml:62:13-88
115            android:directBootAware="false"
115-->[androidx.work:work-runtime:2.9.0] AndroidManifest.xml:63:13-44
116            android:enabled="true"
116-->[androidx.work:work-runtime:2.9.0] AndroidManifest.xml:64:13-35
117            android:exported="false" />
117-->[androidx.work:work-runtime:2.9.0] AndroidManifest.xml:65:13-37
118        <receiver
118-->[androidx.work:work-runtime:2.9.0] AndroidManifest.xml:67:9-77:20
119            android:name="androidx.work.impl.background.systemalarm.ConstraintProxy$BatteryChargingProxy"
119-->[androidx.work:work-runtime:2.9.0] AndroidManifest.xml:68:13-106
120            android:directBootAware="false"
120-->[androidx.work:work-runtime:2.9.0] AndroidManifest.xml:69:13-44
121            android:enabled="false"
121-->[androidx.work:work-runtime:2.9.0] AndroidManifest.xml:70:13-36
122            android:exported="false" >
122-->[androidx.work:work-runtime:2.9.0] AndroidManifest.xml:71:13-37
123            <intent-filter>
123-->[androidx.work:work-runtime:2.9.0] AndroidManifest.xml:73:13-76:29
124                <action android:name="android.intent.action.ACTION_POWER_CONNECTED" />
124-->[androidx.work:work-runtime:2.9.0] AndroidManifest.xml:74:17-87
124-->[androidx.work:work-runtime:2.9.0] AndroidManifest.xml:74:25-84
125                <action android:name="android.intent.action.ACTION_POWER_DISCONNECTED" />
125-->[androidx.work:work-runtime:2.9.0] AndroidManifest.xml:75:17-90
125-->[androidx.work:work-runtime:2.9.0] AndroidManifest.xml:75:25-87
126            </intent-filter>
127        </receiver>
128        <receiver
128-->[androidx.work:work-runtime:2.9.0] AndroidManifest.xml:78:9-88:20
129            android:name="androidx.work.impl.background.systemalarm.ConstraintProxy$BatteryNotLowProxy"
129-->[androidx.work:work-runtime:2.9.0] AndroidManifest.xml:79:13-104
130            android:directBootAware="false"
130-->[androidx.work:work-runtime:2.9.0] AndroidManifest.xml:80:13-44
131            android:enabled="false"
131-->[androidx.work:work-runtime:2.9.0] AndroidManifest.xml:81:13-36
132            android:exported="false" >
132-->[androidx.work:work-runtime:2.9.0] AndroidManifest.xml:82:13-37
133            <intent-filter>
133-->[androidx.work:work-runtime:2.9.0] AndroidManifest.xml:84:13-87:29
134                <action android:name="android.intent.action.BATTERY_OKAY" />
134-->[androidx.work:work-runtime:2.9.0] AndroidManifest.xml:85:17-77
134-->[androidx.work:work-runtime:2.9.0] AndroidManifest.xml:85:25-74
135                <action android:name="android.intent.action.BATTERY_LOW" />
135-->[androidx.work:work-runtime:2.9.0] AndroidManifest.xml:86:17-76
135-->[androidx.work:work-runtime:2.9.0] AndroidManifest.xml:86:25-73
136            </intent-filter>
137        </receiver>
138        <receiver
138-->[androidx.work:work-runtime:2.9.0] AndroidManifest.xml:89:9-99:20
139            android:name="androidx.work.impl.background.systemalarm.ConstraintProxy$StorageNotLowProxy"
139-->[androidx.work:work-runtime:2.9.0] AndroidManifest.xml:90:13-104
140            android:directBootAware="false"
140-->[androidx.work:work-runtime:2.9.0] AndroidManifest.xml:91:13-44
141            android:enabled="false"
141-->[androidx.work:work-runtime:2.9.0] AndroidManifest.xml:92:13-36
142            android:exported="false" >
142-->[androidx.work:work-runtime:2.9.0] AndroidManifest.xml:93:13-37
143            <intent-filter>
143-->[androidx.work:work-runtime:2.9.0] AndroidManifest.xml:95:13-98:29
144                <action android:name="android.intent.action.DEVICE_STORAGE_LOW" />
144-->[androidx.work:work-runtime:2.9.0] AndroidManifest.xml:96:17-83
144-->[androidx.work:work-runtime:2.9.0] AndroidManifest.xml:96:25-80
145                <action android:name="android.intent.action.DEVICE_STORAGE_OK" />
145-->[androidx.work:work-runtime:2.9.0] AndroidManifest.xml:97:17-82
145-->[androidx.work:work-runtime:2.9.0] AndroidManifest.xml:97:25-79
146            </intent-filter>
147        </receiver>
148        <receiver
148-->[androidx.work:work-runtime:2.9.0] AndroidManifest.xml:100:9-109:20
149            android:name="androidx.work.impl.background.systemalarm.ConstraintProxy$NetworkStateProxy"
149-->[androidx.work:work-runtime:2.9.0] AndroidManifest.xml:101:13-103
150            android:directBootAware="false"
150-->[androidx.work:work-runtime:2.9.0] AndroidManifest.xml:102:13-44
151            android:enabled="false"
151-->[androidx.work:work-runtime:2.9.0] AndroidManifest.xml:103:13-36
152            android:exported="false" >
152-->[androidx.work:work-runtime:2.9.0] AndroidManifest.xml:104:13-37
153            <intent-filter>
153-->[androidx.work:work-runtime:2.9.0] AndroidManifest.xml:106:13-108:29
154                <action android:name="android.net.conn.CONNECTIVITY_CHANGE" />
154-->[androidx.work:work-runtime:2.9.0] AndroidManifest.xml:107:17-79
154-->[androidx.work:work-runtime:2.9.0] AndroidManifest.xml:107:25-76
155            </intent-filter>
156        </receiver>
157        <receiver
157-->[androidx.work:work-runtime:2.9.0] AndroidManifest.xml:110:9-121:20
158            android:name="androidx.work.impl.background.systemalarm.RescheduleReceiver"
158-->[androidx.work:work-runtime:2.9.0] AndroidManifest.xml:111:13-88
159            android:directBootAware="false"
159-->[androidx.work:work-runtime:2.9.0] AndroidManifest.xml:112:13-44
160            android:enabled="false"
160-->[androidx.work:work-runtime:2.9.0] AndroidManifest.xml:113:13-36
161            android:exported="false" >
161-->[androidx.work:work-runtime:2.9.0] AndroidManifest.xml:114:13-37
162            <intent-filter>
162-->[androidx.work:work-runtime:2.9.0] AndroidManifest.xml:116:13-120:29
163                <action android:name="android.intent.action.BOOT_COMPLETED" />
163-->[androidx.work:work-runtime:2.9.0] AndroidManifest.xml:117:17-79
163-->[androidx.work:work-runtime:2.9.0] AndroidManifest.xml:117:25-76
164                <action android:name="android.intent.action.TIME_SET" />
164-->[androidx.work:work-runtime:2.9.0] AndroidManifest.xml:118:17-73
164-->[androidx.work:work-runtime:2.9.0] AndroidManifest.xml:118:25-70
165                <action android:name="android.intent.action.TIMEZONE_CHANGED" />
165-->[androidx.work:work-runtime:2.9.0] AndroidManifest.xml:119:17-81
165-->[androidx.work:work-runtime:2.9.0] AndroidManifest.xml:119:25-78
166            </intent-filter>
167        </receiver>
168        <receiver
168-->[androidx.work:work-runtime:2.9.0] AndroidManifest.xml:122:9-131:20
169            android:name="androidx.work.impl.background.systemalarm.ConstraintProxyUpdateReceiver"
169-->[androidx.work:work-runtime:2.9.0] AndroidManifest.xml:123:13-99
170            android:directBootAware="false"
170-->[androidx.work:work-runtime:2.9.0] AndroidManifest.xml:124:13-44
171            android:enabled="@bool/enable_system_alarm_service_default"
171-->[androidx.work:work-runtime:2.9.0] AndroidManifest.xml:125:13-72
172            android:exported="false" >
172-->[androidx.work:work-runtime:2.9.0] AndroidManifest.xml:126:13-37
173            <intent-filter>
173-->[androidx.work:work-runtime:2.9.0] AndroidManifest.xml:128:13-130:29
174                <action android:name="androidx.work.impl.background.systemalarm.UpdateProxies" />
174-->[androidx.work:work-runtime:2.9.0] AndroidManifest.xml:129:17-98
174-->[androidx.work:work-runtime:2.9.0] AndroidManifest.xml:129:25-95
175            </intent-filter>
176        </receiver>
177        <receiver
177-->[androidx.work:work-runtime:2.9.0] AndroidManifest.xml:132:9-142:20
178            android:name="androidx.work.impl.diagnostics.DiagnosticsReceiver"
178-->[androidx.work:work-runtime:2.9.0] AndroidManifest.xml:133:13-78
179            android:directBootAware="false"
179-->[androidx.work:work-runtime:2.9.0] AndroidManifest.xml:134:13-44
180            android:enabled="true"
180-->[androidx.work:work-runtime:2.9.0] AndroidManifest.xml:135:13-35
181            android:exported="true"
181-->[androidx.work:work-runtime:2.9.0] AndroidManifest.xml:136:13-36
182            android:permission="android.permission.DUMP" >
182-->[androidx.work:work-runtime:2.9.0] AndroidManifest.xml:137:13-57
183            <intent-filter>
183-->[androidx.work:work-runtime:2.9.0] AndroidManifest.xml:139:13-141:29
184                <action android:name="androidx.work.diagnostics.REQUEST_DIAGNOSTICS" />
184-->[androidx.work:work-runtime:2.9.0] AndroidManifest.xml:140:17-88
184-->[androidx.work:work-runtime:2.9.0] AndroidManifest.xml:140:25-85
185            </intent-filter>
186        </receiver>
187
188        <service
188-->[androidx.room:room-runtime:2.6.1] AndroidManifest.xml:24:9-28:63
189            android:name="androidx.room.MultiInstanceInvalidationService"
189-->[androidx.room:room-runtime:2.6.1] AndroidManifest.xml:25:13-74
190            android:directBootAware="true"
190-->[androidx.room:room-runtime:2.6.1] AndroidManifest.xml:26:13-43
191            android:exported="false" />
191-->[androidx.room:room-runtime:2.6.1] AndroidManifest.xml:27:13-37
192
193        <receiver
193-->[androidx.profileinstaller:profileinstaller:1.3.0] AndroidManifest.xml:34:9-52:20
194            android:name="androidx.profileinstaller.ProfileInstallReceiver"
194-->[androidx.profileinstaller:profileinstaller:1.3.0] AndroidManifest.xml:35:13-76
195            android:directBootAware="false"
195-->[androidx.profileinstaller:profileinstaller:1.3.0] AndroidManifest.xml:36:13-44
196            android:enabled="true"
196-->[androidx.profileinstaller:profileinstaller:1.3.0] AndroidManifest.xml:37:13-35
197            android:exported="true"
197-->[androidx.profileinstaller:profileinstaller:1.3.0] AndroidManifest.xml:38:13-36
198            android:permission="android.permission.DUMP" >
198-->[androidx.profileinstaller:profileinstaller:1.3.0] AndroidManifest.xml:39:13-57
199            <intent-filter>
199-->[androidx.profileinstaller:profileinstaller:1.3.0] AndroidManifest.xml:40:13-42:29
200                <action android:name="androidx.profileinstaller.action.INSTALL_PROFILE" />
200-->[androidx.profileinstaller:profileinstaller:1.3.0] AndroidManifest.xml:41:17-91
200-->[androidx.profileinstaller:profileinstaller:1.3.0] AndroidManifest.xml:41:25-88
201            </intent-filter>
202            <intent-filter>
202-->[androidx.profileinstaller:profileinstaller:1.3.0] AndroidManifest.xml:43:13-45:29
203                <action android:name="androidx.profileinstaller.action.SKIP_FILE" />
203-->[androidx.profileinstaller:profileinstaller:1.3.0] AndroidManifest.xml:44:17-85
203-->[androidx.profileinstaller:profileinstaller:1.3.0] AndroidManifest.xml:44:25-82
204            </intent-filter>
205            <intent-filter>
205-->[androidx.profileinstaller:profileinstaller:1.3.0] AndroidManifest.xml:46:13-48:29
206                <action android:name="androidx.profileinstaller.action.SAVE_PROFILE" />
206-->[androidx.profileinstaller:profileinstaller:1.3.0] AndroidManifest.xml:47:17-88
206-->[androidx.profileinstaller:profileinstaller:1.3.0] AndroidManifest.xml:47:25-85
207            </intent-filter>
208            <intent-filter>
208-->[androidx.profileinstaller:profileinstaller:1.3.0] AndroidManifest.xml:49:13-51:29
209                <action android:name="androidx.profileinstaller.action.BENCHMARK_OPERATION" />
209-->[androidx.profileinstaller:profileinstaller:1.3.0] AndroidManifest.xml:50:17-95
209-->[androidx.profileinstaller:profileinstaller:1.3.0] AndroidManifest.xml:50:25-92
210            </intent-filter>
211        </receiver>
212
213        <meta-data
213-->[com.google.android.gms:play-services-basement:16.0.1] AndroidManifest.xml:23:9-25:69
214            android:name="com.google.android.gms.version"
214-->[com.google.android.gms:play-services-basement:16.0.1] AndroidManifest.xml:24:13-58
215            android:value="@integer/google_play_services_version" />
215-->[com.google.android.gms:play-services-basement:16.0.1] AndroidManifest.xml:25:13-66
216    </application>
217
218</manifest>